<?xml version="1.0" encoding="UTF-8"?>
<!-- Generated by org.testng.reporters.JUnitReportReporter -->
<testsuite skipped="0" hostname="MacBook-Pro-3.local" name="nl.weer.test.HomePageTestCases" tests="9" failures="0" timestamp="2020-01-22T01:39:39 AST" time="247.865" errors="0">
  <testcase name="verify_URL_for_Weerbericht_Nederland_Page" time="26.467" classname="nl.weer.test.HomePageTestCases"/>
  <testcase name="verify_URL_for_Weerbericht_Nederland_Page" time="30.378" classname="nl.weer.test.HomePageTestCases"/>
  <testcase name="verify_URL_for_Weerbericht_Nederland_Page" time="36.880" classname="nl.weer.test.HomePageTestCases"/>
  <testcase name="verify_Searched_City_Page_redirected" time="19.883" classname="nl.weer.test.HomePageTestCases"/>
  <testcase name="verify_Searched_City_Page_redirected" time="21.352" classname="nl.weer.test.HomePageTestCases"/>
  <testcase name="verify_Searched_City_Page_redirected" time="21.634" classname="nl.weer.test.HomePageTestCases"/>
  <testcase name="verify_User_Sets_Homepage_City" time="29.113" classname="nl.weer.test.HomePageTestCases"/>
  <testcase name="verify_User_Sets_Homepage_City" time="31.023" classname="nl.weer.test.HomePageTestCases"/>
  <testcase name="verify_User_Sets_Homepage_City" time="31.135" classname="nl.weer.test.HomePageTestCases"/>
</testsuite> <!-- nl.weer.test.HomePageTestCases -->
